Using pre-set license
Built from '2020.3/staging' branch; Version is '2020.3.3f1 (76626098c1c4) revision 7758432'; Using compiler version '192528614'; Build Type 'Release'
OS: 'Windows 10 Home; OS build 19041.985; Version 2004; 64bit' Language: 'es' Physical Memory: 15789 MB
BatchMode: 1, IsHumanControllingUs: 0, StartBugReporterOnCrash: 0, Is64bit: 1, IsPro: 0

 COMMAND LINE ARGUMENTS:
C:\Program Files\Unity\Hub\Editor\2020.3.3f1\Editor\Unity.exe
-adb2
-batchMode
-noUpm
-name
AssetImportWorker0
-projectPath
C:/Users/momos/Desktop/David Felipe/College/Term 2/Cross Platform Programming/GitHub/Spring2021CPP
-logFile
Logs/AssetImportWorker0.log
-srvPort
62694
Successfully changed project path to: C:/Users/momos/Desktop/David Felipe/College/Term 2/Cross Platform Programming/GitHub/Spring2021CPP
C:/Users/momos/Desktop/David Felipe/College/Term 2/Cross Platform Programming/GitHub/Spring2021CPP
Using Asset Import Pipeline V2.
Refreshing native plugins compatible for Editor in 32.60 ms, found 1 plugins.
Preloading 0 native plugins for Editor in 0.00 ms.
Initialize engine version: 2020.3.3f1 (76626098c1c4)
[Subsystems] Discovering subsystems at path C:/Program Files/Unity/Hub/Editor/2020.3.3f1/Editor/Data/Resources/UnitySubsystems
[Subsystems] Discovering subsystems at path C:/Users/momos/Desktop/David Felipe/College/Term 2/Cross Platform Programming/GitHub/Spring2021CPP/Assets
GfxDevice: creating device client; threaded=0
Direct3D:
    Version:  Direct3D 11.0 [level 11.1]
    Renderer: NVIDIA GeForce GTX 1660 Ti (ID=0x2191)
    Vendor:   
    VRAM:     5991 MB
    Driver:   27.21.14.5763
Initialize mono
Mono path[0] = 'C:/Program Files/Unity/Hub/Editor/2020.3.3f1/Editor/Data/Managed'
Mono path[1] = 'C:/Program Files/Unity/Hub/Editor/2020.3.3f1/Editor/Data/MonoBleedingEdge/lib/mono/unityjit'
Mono config path = 'C:/Program Files/Unity/Hub/Editor/2020.3.3f1/Editor/Data/MonoBleedingEdge/etc'
Using monoOptions --debugger-agent=transport=dt_socket,embedding=1,server=y,suspend=n,address=127.0.0.1:56560
Begin MonoManager ReloadAssembly
Registering precompiled unity dll's ...
Register platform support module: C:/Program Files/Unity/Hub/Editor/2020.3.3f1/Editor/Data/PlaybackEngines/WindowsStandaloneSupport/UnityEditor.WindowsStandalone.Extensions.dll
Registered in 0.001829 seconds.
Native extension for WindowsStandalone target not found
Refreshing native plugins compatible for Editor in 33.48 ms, found 1 plugins.
Preloading 0 native plugins for Editor in 0.00 ms.
Invoked RoslynAnalysisRunner static constructor.
RoslynAnalysisRunner will not be running.
RoslynAnalysisRunner has terminated.
Mono: successfully reloaded assembly
- Completed reload, in  0.931 seconds
Platform modules already initialized, skipping
Registering precompiled user dll's ...
Registered in 0.000918 seconds.
Begin MonoManager ReloadAssembly
Native extension for WindowsStandalone target not found
Refreshing native plugins compatible for Editor in 35.18 ms, found 1 plugins.
Preloading 0 native plugins for Editor in 0.00 ms.
Invoked RoslynAnalysisRunner static constructor.
RoslynAnalysisRunner will not be running.
RoslynAnalysisRunner has terminated.
Mono: successfully reloaded assembly
- Completed reload, in  0.822 seconds
Platform modules already initialized, skipping
========================================================================
Worker process is ready to serve import requests
Launched and connected shader compiler UnityShaderCompiler.exe after 0.04 seconds
Refreshing native plugins compatible for Editor in 0.35 ms, found 1 plugins.
Preloading 0 native plugins for Editor in 0.00 ms.
Unloading 1818 Unused Serialized files (Serialized files now loaded: 0)
System memory in use before: 85.8 MB.
System memory in use after: 85.8 MB.

Unloading 20 unused Assets to reduce memory usage. Loaded Objects now: 2265.
Total: 2.951900 ms (FindLiveObjects: 0.267500 ms CreateObjectMapping: 0.081600 ms MarkObjects: 2.516800 ms  DeleteObjects: 0.084300 ms)

========================================================================
Received Import Request.
  path: Assets/Scripts/Player/PlayerCollision.cs
  artifactKey: Guid(d369ac86a54a83d4b84837e10c39f80c) Importer(815301076,1909f56bfc062723c751e8b465ee728b)
Start importing Assets/Scripts/Player/PlayerCollision.cs using Guid(d369ac86a54a83d4b84837e10c39f80c) Importer(815301076,1909f56bfc062723c751e8b465ee728b)  -> (artifact id: '0441c9a4d543d2dabc4924fe4799d8a1') in 0.025875 seconds
  Import took 0.030218 seconds .

========================================================================
Received Import Request.
  Time since last request: 80.107416 seconds.
  path: Assets/Scripts/Player/PlayerCollision.cs
  artifactKey: Guid(d369ac86a54a83d4b84837e10c39f80c) Importer(815301076,1909f56bfc062723c751e8b465ee728b)
Start importing Assets/Scripts/Player/PlayerCollision.cs using Guid(d369ac86a54a83d4b84837e10c39f80c) Importer(815301076,1909f56bfc062723c751e8b465ee728b)  -> (artifact id: 'a795c2f64b9be2dd16074298b7a06eb0') in 0.003718 seconds
  Import took 0.007791 seconds .

========================================================================
Received Import Request.
  Time since last request: 412.669906 seconds.
  path: Assets/Scripts/Misc/CamFollow.cs
  artifactKey: Guid(d925a59f19c868c4ebade2e3685a164c) Importer(815301076,1909f56bfc062723c751e8b465ee728b)
Start importing Assets/Scripts/Misc/CamFollow.cs using Guid(d925a59f19c868c4ebade2e3685a164c) Importer(815301076,1909f56bfc062723c751e8b465ee728b)  -> (artifact id: '775fb09b54623f3b9233236c97833c89') in 0.007082 seconds
  Import took 0.010101 seconds .

========================================================================
Received Import Request.
  Time since last request: 4.314796 seconds.
  path: Assets/Scripts/Misc/CameraFollow.cs
  artifactKey: Guid(d925a59f19c868c4ebade2e3685a164c) Importer(815301076,1909f56bfc062723c751e8b465ee728b)
Start importing Assets/Scripts/Misc/CameraFollow.cs using Guid(d925a59f19c868c4ebade2e3685a164c) Importer(815301076,1909f56bfc062723c751e8b465ee728b)  -> (artifact id: '409ddae39fad34d1e0618ba1fd1d8fb2') in 0.006749 seconds
  Import took 0.010238 seconds .

========================================================================
Received Import Request.
  Time since last request: 96.986395 seconds.
  path: Assets/Scripts/Managers/GameManager.cs
  artifactKey: Guid(db0b77066437644499fb6d9c9cb71e7a) Importer(815301076,1909f56bfc062723c751e8b465ee728b)
Start importing Assets/Scripts/Managers/GameManager.cs using Guid(db0b77066437644499fb6d9c9cb71e7a) Importer(815301076,1909f56bfc062723c751e8b465ee728b)  -> (artifact id: '67afda28c8b33457f54d1b4a0a2f6b3d') in 0.003129 seconds
  Import took 0.012501 seconds .

========================================================================
Received Import Request.
  Time since last request: 4.733776 seconds.
  path: Assets/Prefab/GameManager.prefab
  artifactKey: Guid(4ce7f9129d57bce46bb5b8e689cdaa5c) Importer(815301076,1909f56bfc062723c751e8b465ee728b)
Start importing Assets/Prefab/GameManager.prefab using Guid(4ce7f9129d57bce46bb5b8e689cdaa5c) Importer(815301076,1909f56bfc062723c751e8b465ee728b)  -> (artifact id: 'cae520b1ab9b63d9968a1b571e39fd0c') in 0.025052 seconds
  Import took 0.030367 seconds .

========================================================================
Received Import Request.
  Time since last request: 51.572301 seconds.
  path: Assets/Scripts/Managers/LevelManager.cs
  artifactKey: Guid(bcbac0ddfa2263141a5d9af85537286d) Importer(815301076,1909f56bfc062723c751e8b465ee728b)
Start importing Assets/Scripts/Managers/LevelManager.cs using Guid(bcbac0ddfa2263141a5d9af85537286d) Importer(815301076,1909f56bfc062723c751e8b465ee728b)  -> (artifact id: '487a5a2bfa24cbb94b5221a81db5e9e7') in 0.009091 seconds
  Import took 0.012767 seconds .

========================================================================
Received Import Request.
  Time since last request: 236.384092 seconds.
  path: Assets/Prefab/PowerUpBlue.prefab
  artifactKey: Guid(b890224747374b04c9a49e1258b349de) Importer(815301076,1909f56bfc062723c751e8b465ee728b)
Start importing Assets/Prefab/PowerUpBlue.prefab using Guid(b890224747374b04c9a49e1258b349de) Importer(815301076,1909f56bfc062723c751e8b465ee728b)  -> (artifact id: '33aa1614de113b9e0154655cb642df89') in 0.096122 seconds
  Import took 0.099365 seconds .

========================================================================
Received Import Request.
  Time since last request: 0.307434 seconds.
  path: Assets/Prefab/Player.prefab
  artifactKey: Guid(917e9dccc99c92542afd9d681c7b8642) Importer(815301076,1909f56bfc062723c751e8b465ee728b)
Start importing Assets/Prefab/Player.prefab using Guid(917e9dccc99c92542afd9d681c7b8642) Importer(815301076,1909f56bfc062723c751e8b465ee728b)  -> (artifact id: '8eae599bc5e9c1dd47b2b11c889e5886') in 0.022361 seconds
  Import took 0.030282 seconds .

========================================================================
Received Import Request.
  Time since last request: 1.210794 seconds.
  path: Assets/Prefab/MarioProjectileFire.prefab
  artifactKey: Guid(b65811c90da270d439e577e92eeef27c) Importer(815301076,1909f56bfc062723c751e8b465ee728b)
Start importing Assets/Prefab/MarioProjectileFire.prefab using Guid(b65811c90da270d439e577e92eeef27c) Importer(815301076,1909f56bfc062723c751e8b465ee728b)  -> (artifact id: 'dda9e5cc8af1679bee4d8139eedf321b') in 0.022988 seconds
  Import took 0.034215 seconds .

========================================================================
Received Import Request.
  Time since last request: 0.923055 seconds.
  path: Assets/Prefab/EnemyTurret.prefab
  artifactKey: Guid(91240dca8008bad42ae933c79e140d9b) Importer(815301076,1909f56bfc062723c751e8b465ee728b)
Start importing Assets/Prefab/EnemyTurret.prefab using Guid(91240dca8008bad42ae933c79e140d9b) Importer(815301076,1909f56bfc062723c751e8b465ee728b)  -> (artifact id: 'cf626388c7d591829e67026a26174e4d') in 0.020728 seconds
  Import took 0.024589 seconds .

========================================================================
Received Import Request.
  Time since last request: 103.948314 seconds.
  path: Assets/Scripts/Enemies/EnemyWalker.cs
  artifactKey: Guid(c2457edad7b8a344aa583a6112dd6cf5) Importer(815301076,1909f56bfc062723c751e8b465ee728b)
Start importing Assets/Scripts/Enemies/EnemyWalker.cs using Guid(c2457edad7b8a344aa583a6112dd6cf5) Importer(815301076,1909f56bfc062723c751e8b465ee728b)  -> (artifact id: '6973b7c777af6838a7bd07ea17b543ec') in 0.007175 seconds
  Import took 0.010641 seconds .

========================================================================
Received Import Request.
  Time since last request: 4.845206 seconds.
  path: Assets/Scripts/Player/PlayerMovement.cs
  artifactKey: Guid(ee8b5355a72591f4682b14308e894c07) Importer(815301076,1909f56bfc062723c751e8b465ee728b)
Start importing Assets/Scripts/Player/PlayerMovement.cs using Guid(ee8b5355a72591f4682b14308e894c07) Importer(815301076,1909f56bfc062723c751e8b465ee728b)  -> (artifact id: '3a2daaad89c50ababc76c02335439c7c') in 0.003315 seconds
  Import took 0.013149 seconds .

AssetImportWorkerClient::OnTransportError - code=2 error=End of file
