Using pre-set license
Built from '2020.3/staging' branch; Version is '2020.3.3f1 (76626098c1c4) revision 7758432'; Using compiler version '192528614'; Build Type 'Release'
OS: 'Windows 10 Home; OS build 19041.928; Version 2004; 64bit' Language: 'es' Physical Memory: 15789 MB
BatchMode: 1, IsHumanControllingUs: 0, StartBugReporterOnCrash: 0, Is64bit: 1, IsPro: 0

 COMMAND LINE ARGUMENTS:
C:\Program Files\Unity\Hub\Editor\2020.3.3f1\Editor\Unity.exe
-adb2
-batchMode
-noUpm
-name
AssetImportWorker0
-projectPath
C:/Users/momos/Desktop/David Felipe/College/Term 2/Cross Platform Programming/GitHub/Spring2021CPP
-logFile
Logs/AssetImportWorker0.log
-srvPort
52416
Successfully changed project path to: C:/Users/momos/Desktop/David Felipe/College/Term 2/Cross Platform Programming/GitHub/Spring2021CPP
C:/Users/momos/Desktop/David Felipe/College/Term 2/Cross Platform Programming/GitHub/Spring2021CPP
Using Asset Import Pipeline V2.
Refreshing native plugins compatible for Editor in 33.10 ms, found 1 plugins.
Preloading 0 native plugins for Editor in 0.00 ms.
Initialize engine version: 2020.3.3f1 (76626098c1c4)
[Subsystems] Discovering subsystems at path C:/Program Files/Unity/Hub/Editor/2020.3.3f1/Editor/Data/Resources/UnitySubsystems
[Subsystems] Discovering subsystems at path C:/Users/momos/Desktop/David Felipe/College/Term 2/Cross Platform Programming/GitHub/Spring2021CPP/Assets
GfxDevice: creating device client; threaded=0
Direct3D:
    Version:  Direct3D 11.0 [level 11.1]
    Renderer: NVIDIA GeForce GTX 1660 Ti (ID=0x2191)
    Vendor:   
    VRAM:     5991 MB
    Driver:   27.21.14.5763
Initialize mono
Mono path[0] = 'C:/Program Files/Unity/Hub/Editor/2020.3.3f1/Editor/Data/Managed'
Mono path[1] = 'C:/Program Files/Unity/Hub/Editor/2020.3.3f1/Editor/Data/MonoBleedingEdge/lib/mono/unityjit'
Mono config path = 'C:/Program Files/Unity/Hub/Editor/2020.3.3f1/Editor/Data/MonoBleedingEdge/etc'
Using monoOptions --debugger-agent=transport=dt_socket,embedding=1,server=y,suspend=n,address=127.0.0.1:56456
Begin MonoManager ReloadAssembly
Registering precompiled unity dll's ...
Register platform support module: C:/Program Files/Unity/Hub/Editor/2020.3.3f1/Editor/Data/PlaybackEngines/WindowsStandaloneSupport/UnityEditor.WindowsStandalone.Extensions.dll
Registered in 0.001711 seconds.
Native extension for WindowsStandalone target not found
Refreshing native plugins compatible for Editor in 34.02 ms, found 1 plugins.
Preloading 0 native plugins for Editor in 0.00 ms.
Invoked RoslynAnalysisRunner static constructor.
RoslynAnalysisRunner will not be running.
RoslynAnalysisRunner has terminated.
Mono: successfully reloaded assembly
- Completed reload, in  0.935 seconds
Platform modules already initialized, skipping
Registering precompiled user dll's ...
Registered in 0.000939 seconds.
Begin MonoManager ReloadAssembly
Native extension for WindowsStandalone target not found
Refreshing native plugins compatible for Editor in 33.39 ms, found 1 plugins.
Preloading 0 native plugins for Editor in 0.00 ms.
Invoked RoslynAnalysisRunner static constructor.
RoslynAnalysisRunner will not be running.
RoslynAnalysisRunner has terminated.
Mono: successfully reloaded assembly
- Completed reload, in  0.814 seconds
Platform modules already initialized, skipping
========================================================================
Worker process is ready to serve import requests
Launched and connected shader compiler UnityShaderCompiler.exe after 0.04 seconds
Refreshing native plugins compatible for Editor in 0.34 ms, found 1 plugins.
Preloading 0 native plugins for Editor in 0.00 ms.
Unloading 1808 Unused Serialized files (Serialized files now loaded: 0)
System memory in use before: 85.6 MB.
System memory in use after: 85.6 MB.

Unloading 20 unused Assets to reduce memory usage. Loaded Objects now: 2254.
Total: 2.673800 ms (FindLiveObjects: 0.341100 ms CreateObjectMapping: 0.113100 ms MarkObjects: 2.133500 ms  DeleteObjects: 0.084100 ms)

========================================================================
Received Import Request.
  path: Assets/Sprites/Player/Sprite_Mario.png
  artifactKey: Guid(c1e246bb7d5dcff46a311ab161acddec) Importer(815301076,1909f56bfc062723c751e8b465ee728b)
Start importing Assets/Sprites/Player/Sprite_Mario.png using Guid(c1e246bb7d5dcff46a311ab161acddec) Importer(815301076,1909f56bfc062723c751e8b465ee728b)  -> (artifact id: 'fc288bd3f7ac6df5791c14085026eb29') in 0.229352 seconds
  Import took 0.233133 seconds .

========================================================================
Received Import Request.
  Time since last request: 34.310548 seconds.
  path: Assets/Sprites/Player/Sprite_Mario.png
  artifactKey: Guid(c1e246bb7d5dcff46a311ab161acddec) Importer(815301076,1909f56bfc062723c751e8b465ee728b)
Start importing Assets/Sprites/Player/Sprite_Mario.png using Guid(c1e246bb7d5dcff46a311ab161acddec) Importer(815301076,1909f56bfc062723c751e8b465ee728b)  -> (artifact id: '5bdbe27fb5b518a95bf1a2b2269e3479') in 0.156286 seconds
  Import took 0.159443 seconds .

========================================================================
Received Import Request.
  Time since last request: 84.167954 seconds.
  path: Assets/Sprites/Misc/DonutPlains1_DONE.png
  artifactKey: Guid(7bcd2ecf262b6134ab0bdd86207d32c7) Importer(815301076,1909f56bfc062723c751e8b465ee728b)
Start importing Assets/Sprites/Misc/DonutPlains1_DONE.png using Guid(7bcd2ecf262b6134ab0bdd86207d32c7) Importer(815301076,1909f56bfc062723c751e8b465ee728b)  -> (artifact id: '2cdbed9587e4dcef338615d24061794b') in 0.112791 seconds
  Import took 0.116717 seconds .

========================================================================
Received Import Request.
  Time since last request: 68.501323 seconds.
  path: Assets/Sprites/Misc/DonutPlains1_DONE.png
  artifactKey: Guid(7bcd2ecf262b6134ab0bdd86207d32c7) Importer(815301076,1909f56bfc062723c751e8b465ee728b)
Start importing Assets/Sprites/Misc/DonutPlains1_DONE.png using Guid(7bcd2ecf262b6134ab0bdd86207d32c7) Importer(815301076,1909f56bfc062723c751e8b465ee728b)  -> (artifact id: '4e33e63963cd9e3d6ab0df7515e06824') in 0.088460 seconds
  Import took 0.092093 seconds .

========================================================================
Received Import Request.
  Time since last request: 21.557947 seconds.
  path: Assets/Sprites/Misc/SuperMarioWorld-ChocolateIsland-ChocolateIsland1.png
  artifactKey: Guid(713271f25959bb3478b42e5b2e9ebd47) Importer(815301076,1909f56bfc062723c751e8b465ee728b)
Start importing Assets/Sprites/Misc/SuperMarioWorld-ChocolateIsland-ChocolateIsland1.png using Guid(713271f25959bb3478b42e5b2e9ebd47) Importer(815301076,1909f56bfc062723c751e8b465ee728b)  -> (artifact id: '5f97785f793eb2fa5b72c8ef9acae219') in 0.024276 seconds
  Import took 0.027789 seconds .

========================================================================
Received Import Request.
  Time since last request: 128.234577 seconds.
  path: Assets/Sprites/Enemies/Sprite_Enemies.png
  artifactKey: Guid(7ae1f6c361c1c764d981123fd5a3be33) Importer(815301076,1909f56bfc062723c751e8b465ee728b)
Start importing Assets/Sprites/Enemies/Sprite_Enemies.png using Guid(7ae1f6c361c1c764d981123fd5a3be33) Importer(815301076,1909f56bfc062723c751e8b465ee728b)  -> (artifact id: 'caa6c18d5e80291bc7038e2eb9cff9e7') in 0.018021 seconds
  Import took 0.021342 seconds .

========================================================================
Received Import Request.
  Time since last request: 0.001030 seconds.
  path: Assets/Sprites/Enemies/Sprite_Enemies.png
  artifactKey: Guid(7ae1f6c361c1c764d981123fd5a3be33) Importer(815301076,1909f56bfc062723c751e8b465ee728b)
Start importing Assets/Sprites/Enemies/Sprite_Enemies.png using Guid(7ae1f6c361c1c764d981123fd5a3be33) Importer(815301076,1909f56bfc062723c751e8b465ee728b)  -> (artifact id: 'caa6c18d5e80291bc7038e2eb9cff9e7') in 0.015899 seconds
  Import took 0.019048 seconds .

========================================================================
Received Import Request.
  Time since last request: 646.918137 seconds.
  path: Assets/Sprites/Enemies/Sprite_Enemies.png
  artifactKey: Guid(7ae1f6c361c1c764d981123fd5a3be33) Importer(815301076,1909f56bfc062723c751e8b465ee728b)
Start importing Assets/Sprites/Enemies/Sprite_Enemies.png using Guid(7ae1f6c361c1c764d981123fd5a3be33) Importer(815301076,1909f56bfc062723c751e8b465ee728b)  -> (artifact id: '97e8a4f904a517c0763cbfcd183ce1de') in 1.359820 seconds
  Import took 1.365525 seconds .

========================================================================
Received Import Request.
  Time since last request: 84.960830 seconds.
  path: Assets/Sprites/Enemies/Sprite_Enemies.png
  artifactKey: Guid(7ae1f6c361c1c764d981123fd5a3be33) Importer(815301076,1909f56bfc062723c751e8b465ee728b)
Start importing Assets/Sprites/Enemies/Sprite_Enemies.png using Guid(7ae1f6c361c1c764d981123fd5a3be33) Importer(815301076,1909f56bfc062723c751e8b465ee728b)  -> (artifact id: 'be7e754ec9fc4ecb8bc36d1047c3e738') in 1.147821 seconds
  Import took 1.154086 seconds .

========================================================================
Received Import Request.
  Time since last request: 62.151340 seconds.
  path: Assets/Sprites/Enemies/Sprite_Enemies.png
  artifactKey: Guid(7ae1f6c361c1c764d981123fd5a3be33) Importer(815301076,1909f56bfc062723c751e8b465ee728b)
Start importing Assets/Sprites/Enemies/Sprite_Enemies.png using Guid(7ae1f6c361c1c764d981123fd5a3be33) Importer(815301076,1909f56bfc062723c751e8b465ee728b)  -> (artifact id: 'dfc06f9726aaee56b5751f7c08ec60af') in 1.115418 seconds
  Import took 1.120838 seconds .

========================================================================
Received Import Request.
  Time since last request: 183.946338 seconds.
  path: Assets/Sprites/Enemies/Sprite_Enemies.png
  artifactKey: Guid(7ae1f6c361c1c764d981123fd5a3be33) Importer(815301076,1909f56bfc062723c751e8b465ee728b)
Start importing Assets/Sprites/Enemies/Sprite_Enemies.png using Guid(7ae1f6c361c1c764d981123fd5a3be33) Importer(815301076,1909f56bfc062723c751e8b465ee728b)  -> (artifact id: '984625b7465979c4d2fad72afa622235') in 1.126085 seconds
  Import took 1.132385 seconds .

========================================================================
Received Prepare
Registering precompiled user dll's ...
Registered in 0.001064 seconds.
Begin MonoManager ReloadAssembly
Native extension for WindowsStandalone target not found
Refreshing native plugins compatible for Editor in 0.36 ms, found 1 plugins.
Preloading 0 native plugins for Editor in 0.00 ms.
Invoked RoslynAnalysisRunner static constructor.
RoslynAnalysisRunner will not be running.
RoslynAnalysisRunner has terminated.
Mono: successfully reloaded assembly
- Completed reload, in  0.721 seconds
Platform modules already initialized, skipping
Refreshing native plugins compatible for Editor in 0.39 ms, found 1 plugins.
Preloading 0 native plugins for Editor in 0.00 ms.
Unloading 1799 Unused Serialized files (Serialized files now loaded: 0)
System memory in use before: 89.2 MB.
System memory in use after: 89.3 MB.

Unloading 8 unused Assets to reduce memory usage. Loaded Objects now: 2657.
Total: 2.132700 ms (FindLiveObjects: 0.308900 ms CreateObjectMapping: 0.084900 ms MarkObjects: 1.679900 ms  DeleteObjects: 0.057200 ms)

AssetImportWorkerClient::OnTransportError - code=2 error=End of file
